Arguments: 
  /home/gitpod/.nvm/versions/node/v16.18.0/bin/node /home/gitpod/.nvm/versions/node/v16.18.0/bin/yarn add -D stylelint stylint-config-standard

PATH: 
  /home/gitpod/.sdkman/candidates/maven/current/bin:/home/gitpod/.sdkman/candidates/java/current/bin:/home/gitpod/.sdkman/candidates/gradle/current/bin:/workspace/.cargo/bin:/home/gitpod/.rvm/gems/ruby-3.1.2/bin:/home/gitpod/.rvm/gems/ruby-3.1.2@global/bin:/home/gitpod/.rvm/rubies/ruby-3.1.2/bin:/home/gitpod/.pyenv/plugins/pyenv-virtualenv/shims:/home/gitpod/.pyenv/shims:/workspace/go/bin:/home/gitpod/.nix-profile/bin:/ide/bin/remote-cli:/home/gitpod/go/bin:/home/gitpod/go-packages/bin:/home/gitpod/.nvm/versions/node/v16.18.0/bin:/home/gitpod/.yarn/bin:/home/gitpod/.pnpm:/home/gitpod/.pyenv/bin:/workspace/.rvm/bin:/home/gitpod/.cargo/bin:/home/linuxbrew/.linuxbrew/bin:/home/linuxbrew/.linuxbrew/sbin/:/home/gitpod/.local/bin:/usr/games:/usr/local/sbin:/usr/local/bin:/usr/sbin:/usr/bin:/sbin:/bin:/home/gitpod/.nvm/versions/node/v16.18.0/bin:/home/gitpod/.rvm/bin

Yarn version: 
  1.22.19

Node version: 
  16.18.0

Platform: 
  linux x64

Trace: 
  Error: https://registry.yarnpkg.com/stylint-config-standard: Not found
      at Request.params.callback [as _callback] (/home/gitpod/.nvm/versions/node/v16.18.0/lib/node_modules/yarn/lib/cli.js:66145:18)
      at Request.self.callback (/home/gitpod/.nvm/versions/node/v16.18.0/lib/node_modules/yarn/lib/cli.js:140890:22)
      at Request.emit (node:events:513:28)
      at Request.<anonymous> (/home/gitpod/.nvm/versions/node/v16.18.0/lib/node_modules/yarn/lib/cli.js:141862:10)
      at Request.emit (node:events:513:28)
      at IncomingMessage.<anonymous> (/home/gitpod/.nvm/versions/node/v16.18.0/lib/node_modules/yarn/lib/cli.js:141784:12)
      at Object.onceWrapper (node:events:627:28)
      at IncomingMessage.emit (node:events:525:35)
      at endReadableNT (node:internal/streams/readable:1358:12)
      at processTicksAndRejections (node:internal/process/task_queues:83:21)

npm manifest: 
  {
    "name": "askit",
    "version": "1.0.0",
    "description": "This is Jindou's Askit Project",
    "main": "index.js",
    "scripts": {
      "test": "echo \"Error: no test specified\" && exit 1"
    },
    "repository": {
      "type": "git",
      "url": "git+https://github.com/JINDOUJIANG/Askit.git"
    },
    "author": "",
    "license": "ISC",
    "bugs": {
      "url": "https://github.com/JINDOUJIANG/Askit/issues"
    },
    "homepage": "https://github.com/JINDOUJIANG/Askit#readme",
    "dependencies": {
      "bootstrap": "^5.2.3"
    },
    "devDependencies": {
      "stylelint": "^14.15.0",
      "stylelint-config-standard": "^29.0.0"
    }
  }

yarn manifest: 
  No manifest

Lockfile: 
  No lockfile
